Using pre-set license
Built from '2020.2/release' branch; Version is '2020.2.4f1 (becced5a802b) revision 12504301'; Using compiler version '192528614'; Build Type 'Release'
OS: 'Windows 10 Home; OS build 26100.3476; Version 2009; 64bit' Language: 'en' Physical Memory: 32203 MB
BatchMode: 1, IsHumanControllingUs: 0, StartBugReporterOnCrash: 0, Is64bit: 1, IsPro: 0

 COMMAND LINE ARGUMENTS:
C:\Program Files\Unity\Hub\Editor\2020.2.4f1\Editor\Unity.exe
-adb2
-batchMode
-noUpm
-name
AssetImportWorker0
-projectPath
C:/Users/marti/Documents/GitHub/InteractiveSystems
-logFile
Logs/AssetImportWorker0.log
-srvPort
62402
Successfully changed project path to: C:/Users/marti/Documents/GitHub/InteractiveSystems
C:/Users/marti/Documents/GitHub/InteractiveSystems
Using Asset Import Pipeline V2.
Refreshing native plugins compatible for Editor in 81.20 ms, found 0 plugins.
Preloading 0 native plugins for Editor in 0.00 ms.
Initialize engine version: 2020.2.4f1 (becced5a802b)
[Subsystems] Discovering subsystems at path C:/Program Files/Unity/Hub/Editor/2020.2.4f1/Editor/Data/Resources/UnitySubsystems
[Subsystems] Discovering subsystems at path C:/Users/marti/Documents/GitHub/InteractiveSystems/Assets
GfxDevice: creating device client; threaded=0
Direct3D:
    Version:  Direct3D 11.0 [level 11.1]
    Renderer: Intel(R) Graphics (ID=0x7d45)
    Vendor:   
    VRAM:     16101 MB
    Driver:   32.0.101.5542
Shader 'Universal Render Pipeline/Particles/Lit': fallback shader 'Universal Render Pipeline/Particles/SimpleLit' not found
Initialize mono
Mono path[0] = 'C:/Program Files/Unity/Hub/Editor/2020.2.4f1/Editor/Data/Managed'
Mono path[1] = 'C:/Program Files/Unity/Hub/Editor/2020.2.4f1/Editor/Data/MonoBleedingEdge/lib/mono/unityjit'
Mono config path = 'C:/Program Files/Unity/Hub/Editor/2020.2.4f1/Editor/Data/MonoBleedingEdge/etc'
Using monoOptions --debugger-agent=transport=dt_socket,embedding=1,server=y,suspend=n,address=127.0.0.1:56728
Begin MonoManager ReloadAssembly
Registering precompiled unity dll's ...
Register platform support module: C:/Program Files/Unity/Hub/Editor/2020.2.4f1/Editor/Data/PlaybackEngines/WindowsStandaloneSupport/UnityEditor.WindowsStandalone.Extensions.dll
Registered in 0.002315 seconds.
Native extension for WindowsStandalone target not found
Refreshing native plugins compatible for Editor in 80.86 ms, found 0 plugins.
Preloading 0 native plugins for Editor in 0.00 ms.
Invoked RoslynAnalysisRunner static constructor.
RoslynAnalysisRunner will not be running.
RoslynAnalysisRunner has terminated.
Mono: successfully reloaded assembly
- Completed reload, in  1.623 seconds
Platform modules already initialized, skipping
Registering precompiled user dll's ...
Registered in 0.001854 seconds.
Begin MonoManager ReloadAssembly
Native extension for WindowsStandalone target not found
Refreshing native plugins compatible for Editor in 85.62 ms, found 0 plugins.
Preloading 0 native plugins for Editor in 0.00 ms.
Invoked RoslynAnalysisRunner static constructor.
RoslynAnalysisRunner will not be running.
RoslynAnalysisRunner has terminated.
Mono: successfully reloaded assembly
- Completed reload, in  1.597 seconds
Platform modules already initialized, skipping
========================================================================
Worker process is ready to serve import requests
Shader 'Universal Render Pipeline/Particles/Lit': fallback shader 'Universal Render Pipeline/Particles/SimpleLit' not found
Launched and connected shader compiler UnityShaderCompiler.exe after 0.11 seconds
Refreshing native plugins compatible for Editor in 0.81 ms, found 0 plugins.
Preloading 0 native plugins for Editor in 0.00 ms.
Unloading 2628 Unused Serialized files (Serialized files now loaded: 0)
System memory in use before: 115.9 MB.
System memory in use after: 116.1 MB.

Unloading 12 unused Assets to reduce memory usage. Loaded Objects now: 3072.
Total: 4.383000 ms (FindLiveObjects: 0.405100 ms CreateObjectMapping: 0.115900 ms MarkObjects: 3.697700 ms  DeleteObjects: 0.161400 ms)

========================================================================
Received Import Request.
  path: Assets/_Scenes
  artifactKey: Guid(a167ac25e9034461785b097c93ed14ac) Importer(815301076,1909f56bfc062723c751e8b465ee728b)
Start importing Assets/_Scenes using Guid(a167ac25e9034461785b097c93ed14ac) Importer(815301076,1909f56bfc062723c751e8b465ee728b)  -> (artifact id: 'b0927f11b9577fcdd78294f6c7a2fe10') in 0.033687 seconds
  Import took 0.042762 seconds .

========================================================================
Received Import Request.
  Time since last request: 0.000585 seconds.
  path: Assets/_Scenes/miniGame.unity
  artifactKey: Guid(3d0fcbdd350964a95a7806f5fb11d3a6) Importer(815301076,1909f56bfc062723c751e8b465ee728b)
Start importing Assets/_Scenes/miniGame.unity using Guid(3d0fcbdd350964a95a7806f5fb11d3a6) Importer(815301076,1909f56bfc062723c751e8b465ee728b)  -> (artifact id: '527f08324524ab43efd08f97b0ea6086') in 0.039335 seconds
  Import took 0.047199 seconds .

========================================================================
Received Import Request.
  Time since last request: 57.892106 seconds.
  path: Assets/Scripts
  artifactKey: Guid(2f5b6a7f5fbc24c5b8fbeb35d3be51c3) Importer(815301076,1909f56bfc062723c751e8b465ee728b)
Start importing Assets/Scripts using Guid(2f5b6a7f5fbc24c5b8fbeb35d3be51c3) Importer(815301076,1909f56bfc062723c751e8b465ee728b)  -> (artifact id: '91c1603ce8e62e09baed6c4850be3534') in 0.029794 seconds
  Import took 0.037446 seconds .

========================================================================
Received Import Request.
  Time since last request: 1.819152 seconds.
  path: Assets/Scripts/PlayerController.cs
  artifactKey: Guid(1cee6876328d34861a48eb12e2251cc0) Importer(815301076,1909f56bfc062723c751e8b465ee728b)
Start importing Assets/Scripts/PlayerController.cs using Guid(1cee6876328d34861a48eb12e2251cc0) Importer(815301076,1909f56bfc062723c751e8b465ee728b)  -> (artifact id: 'cef8ded63c3c4c37a7ee750a654b1a4a') in 0.144359 seconds
  Import took 0.151667 seconds .

========================================================================
Received Import Request.
  Time since last request: 2.411680 seconds.
  path: Assets/Scripts/TimerController.cs
  artifactKey: Guid(745a62beb059af643a4a5d6b4e0cef20) Importer(815301076,1909f56bfc062723c751e8b465ee728b)
Start importing Assets/Scripts/TimerController.cs using Guid(745a62beb059af643a4a5d6b4e0cef20) Importer(815301076,1909f56bfc062723c751e8b465ee728b)  -> (artifact id: '4214e3263d294ad16911fb914af7e891') in 0.035329 seconds
  Import took 0.041834 seconds .

========================================================================
Received Prepare
Registering precompiled user dll's ...
Registered in 0.005406 seconds.
Begin MonoManager ReloadAssembly
Native extension for WindowsStandalone target not found
Refreshing native plugins compatible for Editor in 1.18 ms, found 0 plugins.
Preloading 0 native plugins for Editor in 0.00 ms.
Invoked RoslynAnalysisRunner static constructor.
RoslynAnalysisRunner will not be running.
RoslynAnalysisRunner has terminated.
Mono: successfully reloaded assembly
- Completed reload, in  1.767 seconds
Platform modules already initialized, skipping
Shader 'Universal Render Pipeline/Particles/Lit': fallback shader 'Universal Render Pipeline/Particles/SimpleLit' not found
Refreshing native plugins compatible for Editor in 1.34 ms, found 0 plugins.
Preloading 0 native plugins for Editor in 0.00 ms.
Unloading 2567 Unused Serialized files (Serialized files now loaded: 0)
System memory in use before: 111.7 MB.
System memory in use after: 112.0 MB.

Unloading 5 unused Assets to reduce memory usage. Loaded Objects now: 3074.
Total: 8.417900 ms (FindLiveObjects: 0.974000 ms CreateObjectMapping: 0.712900 ms MarkObjects: 6.670300 ms  DeleteObjects: 0.055400 ms)

========================================================================
Received Import Request.
  Time since last request: 24.549522 seconds.
  path: Assets/Scripts/CameraController.cs
  artifactKey: Guid(82aa9e77249b24ec18c662fea1d8280d) Importer(815301076,1909f56bfc062723c751e8b465ee728b)
Start importing Assets/Scripts/CameraController.cs using Guid(82aa9e77249b24ec18c662fea1d8280d) Importer(815301076,1909f56bfc062723c751e8b465ee728b)  -> (artifact id: '39d29665558fd1179ff54125f29c8dcb') in 0.037229 seconds
  Import took 0.051734 seconds .

AssetImportWorkerClient::OnTransportError - code=2 error=End of file
