Using pre-set license
Built from '2020.2/release' branch; Version is '2020.2.4f1 (becced5a802b) revision 12504301'; Using compiler version '192528614'; Build Type 'Release'
OS: 'Windows 10 Home; OS build 26100.3476; Version 2009; 64bit' Language: 'en' Physical Memory: 32203 MB
BatchMode: 1, IsHumanControllingUs: 0, StartBugReporterOnCrash: 0, Is64bit: 1, IsPro: 0

 COMMAND LINE ARGUMENTS:
C:\Program Files\Unity\Hub\Editor\2020.2.4f1\Editor\Unity.exe
-adb2
-batchMode
-noUpm
-name
AssetImportWorker0
-projectPath
C:/Users/marti/Documents/GitHub/InteractiveSystems
-logFile
Logs/AssetImportWorker0.log
-srvPort
58850
Successfully changed project path to: C:/Users/marti/Documents/GitHub/InteractiveSystems
C:/Users/marti/Documents/GitHub/InteractiveSystems
Using Asset Import Pipeline V2.
Refreshing native plugins compatible for Editor in 60.71 ms, found 0 plugins.
Preloading 0 native plugins for Editor in 0.00 ms.
Initialize engine version: 2020.2.4f1 (becced5a802b)
[Subsystems] Discovering subsystems at path C:/Program Files/Unity/Hub/Editor/2020.2.4f1/Editor/Data/Resources/UnitySubsystems
[Subsystems] Discovering subsystems at path C:/Users/marti/Documents/GitHub/InteractiveSystems/Assets
GfxDevice: creating device client; threaded=0
Direct3D:
    Version:  Direct3D 11.0 [level 11.1]
    Renderer: Intel(R) Graphics (ID=0x7d45)
    Vendor:   
    VRAM:     16101 MB
    Driver:   32.0.101.5542
Shader 'Universal Render Pipeline/Particles/Lit': fallback shader 'Universal Render Pipeline/Particles/SimpleLit' not found
Initialize mono
Mono path[0] = 'C:/Program Files/Unity/Hub/Editor/2020.2.4f1/Editor/Data/Managed'
Mono path[1] = 'C:/Program Files/Unity/Hub/Editor/2020.2.4f1/Editor/Data/MonoBleedingEdge/lib/mono/unityjit'
Mono config path = 'C:/Program Files/Unity/Hub/Editor/2020.2.4f1/Editor/Data/MonoBleedingEdge/etc'
Using monoOptions --debugger-agent=transport=dt_socket,embedding=1,server=y,suspend=n,address=127.0.0.1:56716
Begin MonoManager ReloadAssembly
Registering precompiled unity dll's ...
Register platform support module: C:/Program Files/Unity/Hub/Editor/2020.2.4f1/Editor/Data/PlaybackEngines/WindowsStandaloneSupport/UnityEditor.WindowsStandalone.Extensions.dll
Registered in 0.002121 seconds.
Native extension for WindowsStandalone target not found
Refreshing native plugins compatible for Editor in 45.09 ms, found 0 plugins.
Preloading 0 native plugins for Editor in 0.00 ms.
Invoked RoslynAnalysisRunner static constructor.
RoslynAnalysisRunner will not be running.
RoslynAnalysisRunner has terminated.
Mono: successfully reloaded assembly
- Completed reload, in  1.465 seconds
Platform modules already initialized, skipping
Registering precompiled user dll's ...
Registered in 0.001082 seconds.
Begin MonoManager ReloadAssembly
Native extension for WindowsStandalone target not found
Refreshing native plugins compatible for Editor in 52.16 ms, found 0 plugins.
Preloading 0 native plugins for Editor in 0.00 ms.
Invoked RoslynAnalysisRunner static constructor.
RoslynAnalysisRunner will not be running.
RoslynAnalysisRunner has terminated.
Mono: successfully reloaded assembly
- Completed reload, in  0.886 seconds
Platform modules already initialized, skipping
========================================================================
Worker process is ready to serve import requests
Shader 'Universal Render Pipeline/Particles/Lit': fallback shader 'Universal Render Pipeline/Particles/SimpleLit' not found
Launched and connected shader compiler UnityShaderCompiler.exe after 0.06 seconds
Refreshing native plugins compatible for Editor in 0.45 ms, found 0 plugins.
Preloading 0 native plugins for Editor in 0.00 ms.
Unloading 2627 Unused Serialized files (Serialized files now loaded: 0)
System memory in use before: 117.8 MB.
System memory in use after: 118.0 MB.

Unloading 12 unused Assets to reduce memory usage. Loaded Objects now: 3071.
Total: 3.509900 ms (FindLiveObjects: 0.444700 ms CreateObjectMapping: 0.074900 ms MarkObjects: 2.900700 ms  DeleteObjects: 0.086700 ms)

========================================================================
Received Import Request.
  path: Assets/Scenes/SampleScene.unity
  artifactKey: Guid(9fc0d4010bbf28b4594072e72b8655ab) Importer(815301076,1909f56bfc062723c751e8b465ee728b)
Start importing Assets/Scenes/SampleScene.unity using Guid(9fc0d4010bbf28b4594072e72b8655ab) Importer(815301076,1909f56bfc062723c751e8b465ee728b)  -> (artifact id: 'f6da30250173382c497fe81a2a78589a') in 0.041204 seconds
  Import took 0.045797 seconds .

========================================================================
Received Import Request.
  Time since last request: 0.000304 seconds.
  path: Assets/Scenes
  artifactKey: Guid(05415b745c7ef5241882b539c4a70bb6) Importer(815301076,1909f56bfc062723c751e8b465ee728b)
Start importing Assets/Scenes using Guid(05415b745c7ef5241882b539c4a70bb6) Importer(815301076,1909f56bfc062723c751e8b465ee728b)  -> (artifact id: '970a490fdf30b6be3ce4c0bb17357565') in 0.034881 seconds
  Import took 0.039960 seconds .

========================================================================
Received Import Request.
  Time since last request: 5.409080 seconds.
  path: Assets/Materials
  artifactKey: Guid(691a090b928fd804498b0e7c9212c7dc) Importer(815301076,1909f56bfc062723c751e8b465ee728b)
Start importing Assets/Materials using Guid(691a090b928fd804498b0e7c9212c7dc) Importer(815301076,1909f56bfc062723c751e8b465ee728b)  -> (artifact id: '12876ad7c3a035aedfaea6bd16a90301') in 0.027553 seconds
  Import took 0.033488 seconds .

========================================================================
Received Import Request.
  Time since last request: 0.044318 seconds.
  path: Assets/Materials/Background.mat
  artifactKey: Guid(beed1344cd08ea641b46ae04c523c19f) Importer(815301076,1909f56bfc062723c751e8b465ee728b)
Start importing Assets/Materials/Background.mat using Guid(beed1344cd08ea641b46ae04c523c19f) Importer(815301076,1909f56bfc062723c751e8b465ee728b)  -> (artifact id: '4076cfed2941472ffffb9d47b453747e') in 0.450956 seconds
  Import took 0.458499 seconds .

========================================================================
Received Import Request.
  Time since last request: 0.000421 seconds.
  path: Assets/Materials/PickUp.mat
  artifactKey: Guid(5ef7fb1b2289cdb4bbf00f90374f208d) Importer(815301076,1909f56bfc062723c751e8b465ee728b)
Start importing Assets/Materials/PickUp.mat using Guid(5ef7fb1b2289cdb4bbf00f90374f208d) Importer(815301076,1909f56bfc062723c751e8b465ee728b)  -> (artifact id: '4f9e69c95fd6b6c2e7a2dbc5834ce1b0') in 0.046617 seconds
  Import took 0.050960 seconds .

========================================================================
Received Import Request.
  Time since last request: 0.000310 seconds.
  path: Assets/Materials/Walls.mat
  artifactKey: Guid(8bb56395b3c3f894e96839ac8ae0589b) Importer(815301076,1909f56bfc062723c751e8b465ee728b)
Start importing Assets/Materials/Walls.mat using Guid(8bb56395b3c3f894e96839ac8ae0589b) Importer(815301076,1909f56bfc062723c751e8b465ee728b)  -> (artifact id: '1c64fa394e9f4ee5a02b94c511534ed0') in 0.049338 seconds
  Import took 0.054254 seconds .

========================================================================
Received Import Request.
  Time since last request: 0.000036 seconds.
  path: Assets/Materials/Player.mat
  artifactKey: Guid(6b2266f2f9b4f1e4f8b1049997d72603) Importer(815301076,1909f56bfc062723c751e8b465ee728b)
Start importing Assets/Materials/Player.mat using Guid(6b2266f2f9b4f1e4f8b1049997d72603) Importer(815301076,1909f56bfc062723c751e8b465ee728b)  -> (artifact id: '9e3a17d32f757310c11ca87de57b0dcc') in 0.044061 seconds
  Import took 0.048191 seconds .

AssetImportWorkerClient::OnTransportError - code=2 error=End of file
